c:\users\marks\source\repos\moka2dpp\debug\vc143.pdb
c:\users\marks\source\repos\moka2dpp\debug\vc143.idb
c:\users\marks\source\repos\moka2dpp\debug\window.obj
c:\users\marks\source\repos\moka2dpp\vertex_shader.cso
c:\users\marks\source\repos\moka2dpp\pixel_shader.cso
c:\users\marks\source\repos\moka2dpp\debug\moka2dpp.exe
c:\users\marks\source\repos\moka2dpp\debug\moka2dpp.ilk
c:\users\marks\source\repos\moka2dpp\debug\moka2dpp.pdb
c:\users\marks\source\repos\moka2dpp\debug\main.obj
c:\users\marks\source\repos\moka2dpp\debug\mokawindow.obj
c:\users\marks\source\repos\moka2dpp\debug\main.obj.enc
c:\users\marks\source\repos\moka2dpp\debug\moka2dpp.tlog\cl.command.1.tlog
c:\users\marks\source\repos\moka2dpp\debug\moka2dpp.tlog\cl.items.tlog
c:\users\marks\source\repos\moka2dpp\debug\moka2dpp.tlog\cl.read.1.tlog
c:\users\marks\source\repos\moka2dpp\debug\moka2dpp.tlog\cl.write.1.tlog
c:\users\marks\source\repos\moka2dpp\debug\moka2dpp.tlog\fxc.command.1.tlog
c:\users\marks\source\repos\moka2dpp\debug\moka2dpp.tlog\fxc.read.1.tlog
c:\users\marks\source\repos\moka2dpp\debug\moka2dpp.tlog\fxc.write.1.tlog
c:\users\marks\source\repos\moka2dpp\debug\moka2dpp.tlog\link.command.1.tlog
c:\users\marks\source\repos\moka2dpp\debug\moka2dpp.tlog\link.read.1.tlog
c:\users\marks\source\repos\moka2dpp\debug\moka2dpp.tlog\link.write.1.tlog
